<?xml version="1.0" encoding="UTF-8"?>
<!-- Generated by org.testng.reporters.JUnitReportReporter -->
<testsuite hostname="RLE0131" name="com.userprofile.scholastic.test.Read1000PageTest" tests="1" failures="0" timestamp="4 Jan 2016 11:22:21 GMT" time="20.627" errors="0">
  <testcase name="parentRegistration" time="20.627" classname="com.userprofile.scholastic.test.Read1000PageTest"/>
</testsuite> <!-- com.userprofile.scholastic.test.Read1000PageTest -->
