<?xml version="1.0" encoding="UTF-8"?>
<!-- Generated by org.testng.reporters.JUnitReportReporter -->
<testsuite hostname="RLE0131" name="com.userprofile.scholastic.test.CommunityLoginTest" tests="1" failures="0" timestamp="30 Dec 2015 13:31:14 GMT" time="26.153" errors="0">
  <testcase name="checkValidUser" time="26.153" classname="com.userprofile.scholastic.test.CommunityLoginTest"/>
</testsuite> <!-- com.userprofile.scholastic.test.CommunityLoginTest -->
