<?xml version="1.0" encoding="UTF-8"?>
<!-- Generated by org.testng.reporters.JUnitReportReporter -->
<testsuite hostname="RLE0131" name="com.userprofile.scholastic.test.BookwizardRegistrationTest" tests="1" failures="0" timestamp="3 Jan 2016 18:35:33 GMT" time="72.840" errors="0">
  <testcase name="teacherRegistration" time="72.840" classname="com.userprofile.scholastic.test.BookwizardRegistrationTest"/>
</testsuite> <!-- com.userprofile.scholastic.test.BookwizardRegistrationTest -->
