<?xml version="1.0" encoding="UTF-8"?>
<!-- Generated by org.testng.reporters.JUnitReportReporter -->
<testsuite hostname="RLE0131" name="com.userprofile.scholastic.test.BookwizardLoginTest" tests="1" failures="0" timestamp="1 Jan 2016 17:36:25 GMT" time="29.035" errors="0">
  <testcase name="bookwizardLogin" time="29.035" classname="com.userprofile.scholastic.test.BookwizardLoginTest"/>
</testsuite> <!-- com.userprofile.scholastic.test.BookwizardLoginTest -->
