<?xml version="1.0" encoding="UTF-8"?>
<!-- Generated by org.testng.reporters.JUnitReportReporter -->
<testsuite hostname="RLE0131" name="com.userprofile.scholastic.test.InfinityRingLoginTest" tests="1" failures="0" timestamp="31 Dec 2015 07:52:32 GMT" time="37.991" errors="0">
  <testcase name="logintoApp" time="37.991" classname="com.userprofile.scholastic.test.InfinityRingLoginTest"/>
</testsuite> <!-- com.userprofile.scholastic.test.InfinityRingLoginTest -->
